TN:
SF:src\app.js
FN:45,createApp
FN:54,(anonymous_1)
FN:72,(anonymous_2)
FN:77,(anonymous_3)
FN:87,(anonymous_4)
FN:99,(anonymous_5)
FN:112,(anonymous_6)
FN:161,(anonymous_7)
FNF:8
FNH:7
FNDA:1,createApp
FNDA:2,(anonymous_1)
FNDA:1,(anonymous_2)
FNDA:2,(anonymous_3)
FNDA:2,(anonymous_4)
FNDA:2,(anonymous_5)
FNDA:2,(anonymous_6)
FNDA:0,(anonymous_7)
DA:1,1
DA:2,1
DA:3,1
DA:4,1
DA:5,1
DA:6,1
DA:7,1
DA:10,1
DA:43,1
DA:46,1
DA:47,1
DA:48,1
DA:51,1
DA:54,1
DA:55,2
DA:57,2
DA:58,1
DA:61,1
DA:62,1
DA:63,0
DA:64,0
DA:66,1
DA:67,1
DA:72,1
DA:73,1
DA:77,1
DA:78,2
DA:79,2
DA:80,1
DA:82,1
DA:87,1
DA:88,2
DA:89,2
DA:90,2
DA:91,2
DA:92,1
DA:94,0
DA:99,1
DA:100,2
DA:101,2
DA:102,2
DA:103,1
DA:104,1
DA:105,1
DA:107,0
DA:112,1
DA:113,2
DA:114,2
DA:115,2
DA:116,1
DA:120,1
DA:122,1
DA:123,1
DA:126,0
DA:129,0
DA:130,0
DA:131,0
DA:135,0
DA:145,0
DA:155,0
DA:156,0
DA:161,1
DA:162,0
DA:165,1
DA:168,1
LF:65
LH:52
BRDA:57,0,0,1
BRDA:57,0,1,1
BRDA:62,1,0,1
BRDA:62,1,1,1
BRDA:91,2,0,1
BRDA:91,2,1,1
BRDA:102,3,0,1
BRDA:102,3,1,1
BRDA:102,4,0,2
BRDA:102,4,1,2
BRDA:102,4,2,1
BRDA:115,5,0,1
BRDA:115,5,1,1
BRDA:115,6,0,2
BRDA:115,6,1,2
BRDA:122,7,0,1
BRDA:122,7,1,0
BRDA:130,8,0,0
BRDA:130,8,1,0
BRDA:141,9,0,0
BRDA:141,9,1,0
BRF:21
BRH:16
end_of_record
TN:
SF:src\db.js
FN:24,connectDB
FNF:1
FNH:0
FNDA:0,connectDB
DA:2,0
DA:3,0
DA:5,0
DA:7,0
DA:25,0
DA:26,0
DA:27,0
DA:29,0
DA:30,0
DA:34,0
LF:10
LH:0
BRDA:12,0,0,0
BRDA:12,0,1,0
BRF:2
BRH:0
end_of_record
